0 info it worked if it ends with ok
1 verbose cli [ '/usr/bin/node', '/usr/bin/npm', 'i' ]
2 info using npm@3.5.2
3 info using node@v8.10.0
4 silly loadCurrentTree Starting
5 silly install loadCurrentTree
6 silly install readLocalPackageData
7 silly install normalizeTree
8 silly loadCurrentTree Finishing
9 silly loadIdealTree Starting
10 silly install loadIdealTree
11 silly cloneCurrentTree Starting
12 silly install cloneCurrentTreeToIdealTree
13 silly cloneCurrentTree Finishing
14 silly loadShrinkwrap Starting
15 silly install loadShrinkwrap
16 silly loadShrinkwrap Finishing
17 silly loadAllDepsIntoIdealTree Starting
18 silly install loadAllDepsIntoIdealTree
19 silly fetchNamedPackageData fsevents
20 silly mapToRegistry name fsevents
21 silly mapToRegistry using default registry
22 silly mapToRegistry registry https://registry.npmjs.org/
23 silly mapToRegistry uri https://registry.npmjs.org/fsevents
24 verbose request uri https://registry.npmjs.org/fsevents
25 verbose request no auth needed
26 info attempt registry request try #1 at 12:24:40 AM
27 verbose request id 0d7990f47076e61b
28 verbose etag W/"ec8d4eb97c775f79ec6d0bc1c3ba6d4f"
29 verbose lastModified Thu, 16 May 2019 13:28:59 GMT
30 http request GET https://registry.npmjs.org/fsevents
31 info retry will retry, error on last attempt: Error: getaddrinfo ENOTFOUND registry.npmjs.org registry.npmjs.org:443
32 info attempt registry request try #2 at 12:24:50 AM
33 verbose etag W/"ec8d4eb97c775f79ec6d0bc1c3ba6d4f"
34 verbose lastModified Thu, 16 May 2019 13:28:59 GMT
35 http request GET https://registry.npmjs.org/fsevents
36 info retry will retry, error on last attempt: Error: getaddrinfo ENOTFOUND registry.npmjs.org registry.npmjs.org:443
37 info attempt registry request try #3 at 12:25:50 AM
38 verbose etag W/"ec8d4eb97c775f79ec6d0bc1c3ba6d4f"
39 verbose lastModified Thu, 16 May 2019 13:28:59 GMT
40 http request GET https://registry.npmjs.org/fsevents
41 silly get cb [ 304, undefined ]
42 verbose etag https://registry.npmjs.org/fsevents from cache
43 verbose get saving fsevents to /home/zahidquershi/.npm/registry.npmjs.org/fsevents/.cache.json
44 silly resolveWithNewModule fsevents@1.2.9 checking installable status
45 silly loadAllDepsIntoIdealTree Finishing
46 silly idealTree:prePrune textbooks@0.1.0
46 silly idealTree:prePrune +-- abbrev@1.1.1
46 silly idealTree:prePrune +-- accepts@1.3.5
46 silly idealTree:prePrune +-- adaro@1.0.4
46 silly idealTree:prePrune +-- ajv@4.11.8
46 silly idealTree:prePrune +-- align-text@0.1.4
46 silly idealTree:prePrune +-- amdefine@1.0.1
46 silly idealTree:prePrune +-- ansi-escapes@1.4.0
46 silly idealTree:prePrune +-- ansi-regex@2.1.1
46 silly idealTree:prePrune +-- ansi-styles@2.2.1
46 silly idealTree:prePrune +-- anymatch@1.3.2
46 silly idealTree:prePrune +-- aproba@1.2.0
46 silly idealTree:prePrune +-- argparse@1.0.10
46 silly idealTree:prePrune +-- arr-diff@2.0.0
46 silly idealTree:prePrune +-- arr-flatten@1.1.0
46 silly idealTree:prePrune +-- array-flatten@1.1.1
46 silly idealTree:prePrune +-- array-union@1.0.2
46 silly idealTree:prePrune +-- array-uniq@1.0.3
46 silly idealTree:prePrune +-- array-unique@0.2.1
46 silly idealTree:prePrune +-- arrify@1.0.1
46 silly idealTree:prePrune +-- asap@2.0.6
46 silly idealTree:prePrune +-- asn1@0.2.3
46 silly idealTree:prePrune +-- assert-plus@0.2.0
46 silly idealTree:prePrune +-- async-each@1.0.1
46 silly idealTree:prePrune +-- async@1.5.2
46 silly idealTree:prePrune +-- asynckit@0.4.0
46 silly idealTree:prePrune +-- aws-sign2@0.6.0
46 silly idealTree:prePrune +-- aws4@1.7.0
46 silly idealTree:prePrune +-- babel-runtime@4.7.3
46 silly idealTree:prePrune +-- balanced-match@1.0.0
46 silly idealTree:prePrune +-- basic-auth@2.0.0
46 silly idealTree:prePrune | `-- safe-buffer@5.1.1
46 silly idealTree:prePrune +-- bcp47-stringify@1.0.0
46 silly idealTree:prePrune +-- bcp47@1.1.2
46 silly idealTree:prePrune +-- bcrypt-pbkdf@1.0.1
46 silly idealTree:prePrune +-- binary-extensions@1.11.0
46 silly idealTree:prePrune +-- bl@0.9.5
46 silly idealTree:prePrune | +-- isarray@0.0.1
46 silly idealTree:prePrune | +-- readable-stream@1.0.34
46 silly idealTree:prePrune | `-- string_decoder@0.10.31
46 silly idealTree:prePrune +-- bluebird@3.5.1
46 silly idealTree:prePrune +-- body-parser@1.18.2
46 silly idealTree:prePrune | `-- qs@6.5.1
46 silly idealTree:prePrune +-- boom@2.10.1
46 silly idealTree:prePrune +-- brace-expansion@1.1.11
46 silly idealTree:prePrune +-- braces@1.8.5
46 silly idealTree:prePrune +-- bson@1.0.9
46 silly idealTree:prePrune +-- buffer-from@1.1.0
46 silly idealTree:prePrune +-- bundalo@0.2.10
46 silly idealTree:prePrune +-- bytes@3.0.0
46 silly idealTree:prePrune +-- caller@0.0.1
46 silly idealTree:prePrune +-- camelcase@1.2.1
46 silly idealTree:prePrune +-- caseless@0.12.0
46 silly idealTree:prePrune +-- center-align@0.1.3
46 silly idealTree:prePrune +-- chalk@1.1.3
46 silly idealTree:prePrune +-- chokidar@1.5.2
46 silly idealTree:prePrune +-- circular-json@0.3.3
46 silly idealTree:prePrune +-- cli-cursor@1.0.2
46 silly idealTree:prePrune +-- cli-width@1.1.1
46 silly idealTree:prePrune +-- cli@1.0.1
46 silly idealTree:prePrune +-- cliui@2.1.0
46 silly idealTree:prePrune | `-- wordwrap@0.0.2
46 silly idealTree:prePrune +-- co@4.6.0
46 silly idealTree:prePrune +-- code-point-at@1.1.0
46 silly idealTree:prePrune +-- coffee-script@1.3.3
46 silly idealTree:prePrune +-- colors@0.6.2
46 silly idealTree:prePrune +-- combined-stream@1.0.6
46 silly idealTree:prePrune +-- commander@2.3.0
46 silly idealTree:prePrune +-- compressible@2.0.14
46 silly idealTree:prePrune | `-- mime-db@1.34.0
46 silly idealTree:prePrune +-- compression@1.7.2
46 silly idealTree:prePrune | `-- safe-buffer@5.1.1
46 silly idealTree:prePrune +-- concat-map@0.0.1
46 silly idealTree:prePrune +-- concat-stream@1.6.2
46 silly idealTree:prePrune +-- confit@2.3.0
46 silly idealTree:prePrune | +-- async@0.9.2
46 silly idealTree:prePrune | +-- caller@1.0.1
46 silly idealTree:prePrune | +-- minimist@1.2.0
46 silly idealTree:prePrune | +-- shortstop-handlers@1.0.1
46 silly idealTree:prePrune | `-- shortstop@1.0.3
46 silly idealTree:prePrune |   `-- async@0.2.10
46 silly idealTree:prePrune +-- connect-flash@0.1.1
46 silly idealTree:prePrune +-- construx-copier@1.0.0
46 silly idealTree:prePrune +-- construx-dustjs@1.1.0
46 silly idealTree:prePrune +-- construx-less@1.0.0
46 silly idealTree:prePrune +-- construx@1.0.1
46 silly idealTree:prePrune | `-- async@0.2.10
46 silly idealTree:prePrune +-- content-disposition@0.5.2
46 silly idealTree:prePrune +-- content-type@1.0.4
46 silly idealTree:prePrune +-- cookie-parser@1.4.3
46 silly idealTree:prePrune +-- cookie-signature@1.0.6
46 silly idealTree:prePrune +-- cookie@0.3.1
46 silly idealTree:prePrune +-- cookiejar@1.3.0
46 silly idealTree:prePrune +-- core-util-is@1.0.2
46 silly idealTree:prePrune +-- crc@3.4.4
46 silly idealTree:prePrune +-- cryptiles@2.0.5
46 silly idealTree:prePrune +-- d@1.0.0
46 silly idealTree:prePrune +-- dashdash@1.14.1
46 silly idealTree:prePrune | `-- assert-plus@1.0.0
46 silly idealTree:prePrune +-- dateformat@1.0.2-1.2.3
46 silly idealTree:prePrune +-- debug@2.6.9
46 silly idealTree:prePrune +-- debuglog@1.0.1
46 silly idealTree:prePrune +-- decamelize@1.2.0
46 silly idealTree:prePrune +-- deep-equal@0.1.2
46 silly idealTree:prePrune +-- deep-is@0.1.3
46 silly idealTree:prePrune +-- defined@0.0.0
46 silly idealTree:prePrune +-- del@2.2.2
46 silly idealTree:prePrune +-- delayed-stream@1.0.0
46 silly idealTree:prePrune +-- depd@1.1.2
46 silly idealTree:prePrune +-- destroy@1.0.4
46 silly idealTree:prePrune +-- diff@1.4.0
46 silly idealTree:prePrune +-- doctrine@0.7.2
46 silly idealTree:prePrune | +-- esutils@1.1.6
46 silly idealTree:prePrune | `-- isarray@0.0.1
46 silly idealTree:prePrune +-- dust-makara-helpers@4.2.0
46 silly idealTree:prePrune +-- dust-message-helper@4.2.1
46 silly idealTree:prePrune +-- dust-usecontent-helper@4.0.1
46 silly idealTree:prePrune +-- dustjs-helpers@1.7.4
46 silly idealTree:prePrune +-- dustjs-linkedin@2.7.5
46 silly idealTree:prePrune +-- ecc-jsbn@0.1.1
46 silly idealTree:prePrune +-- ee-first@1.1.1
46 silly idealTree:prePrune +-- emitter-component@1.0.0
46 silly idealTree:prePrune +-- encodeurl@1.0.2
46 silly idealTree:prePrune +-- endgame@1.0.0
46 silly idealTree:prePrune +-- engine-munger@1.1.2
46 silly idealTree:prePrune | +-- express@4.16.3
46 silly idealTree:prePrune | +-- qs@6.5.1
46 silly idealTree:prePrune | `-- safe-buffer@5.1.1
46 silly idealTree:prePrune +-- errno@0.1.7
46 silly idealTree:prePrune +-- es5-ext@0.10.45
46 silly idealTree:prePrune +-- es6-iterator@2.0.3
46 silly idealTree:prePrune +-- es6-map@0.1.5
46 silly idealTree:prePrune +-- es6-set@0.1.5
46 silly idealTree:prePrune +-- es6-symbol@3.1.1
46 silly idealTree:prePrune +-- es6-weak-map@2.0.2
46 silly idealTree:prePrune +-- escape-html@1.0.3
46 silly idealTree:prePrune +-- escape-string-regexp@1.0.5
46 silly idealTree:prePrune +-- escope@3.6.0
46 silly idealTree:prePrune +-- eslint@1.10.3
46 silly idealTree:prePrune | `-- glob@5.0.15
46 silly idealTree:prePrune +-- espree@2.2.5
46 silly idealTree:prePrune +-- esrecurse@4.2.1
46 silly idealTree:prePrune +-- estraverse-fb@1.3.2
46 silly idealTree:prePrune +-- estraverse@4.2.0
46 silly idealTree:prePrune +-- esutils@2.0.2
46 silly idealTree:prePrune +-- etag@1.8.1
46 silly idealTree:prePrune +-- event-emitter@0.3.5
46 silly idealTree:prePrune +-- eventemitter2@0.4.14
46 silly idealTree:prePrune +-- exit-hook@1.1.1
46 silly idealTree:prePrune +-- exit@0.1.2
46 silly idealTree:prePrune +-- expand-brackets@0.1.5
46 silly idealTree:prePrune +-- expand-range@1.8.2
46 silly idealTree:prePrune +-- express-enrouten@1.3.0
46 silly idealTree:prePrune | +-- caller@1.0.1
46 silly idealTree:prePrune | +-- isarray@0.0.1
46 silly idealTree:prePrune | `-- path-to-regexp@1.7.0
46 silly idealTree:prePrune +-- express-messages@1.0.1
46 silly idealTree:prePrune +-- express-session@1.15.6
46 silly idealTree:prePrune +-- express@4.16.3
46 silly idealTree:prePrune | +-- qs@6.5.1
46 silly idealTree:prePrune | `-- safe-buffer@5.1.1
46 silly idealTree:prePrune +-- extend@3.0.1
46 silly idealTree:prePrune +-- extglob@0.3.2
46 silly idealTree:prePrune +-- extsprintf@1.3.0
46 silly idealTree:prePrune +-- fast-levenshtein@1.0.7
46 silly idealTree:prePrune +-- figures@1.7.0
46 silly idealTree:prePrune +-- file-entry-cache@1.3.1
46 silly idealTree:prePrune +-- file-resolver@1.0.2
46 silly idealTree:prePrune | `-- graceful-fs@2.0.3
46 silly idealTree:prePrune +-- filename-regex@2.0.1
46 silly idealTree:prePrune +-- fill-range@2.2.4
46 silly idealTree:prePrune +-- finalhandler@1.1.1
46 silly idealTree:prePrune +-- findup-sync@0.1.3
46 silly idealTree:prePrune | +-- glob@3.2.11
46 silly idealTree:prePrune | +-- lodash@2.4.2
46 silly idealTree:prePrune | `-- minimatch@0.3.0
46 silly idealTree:prePrune |   +-- lru-cache@2.7.3
46 silly idealTree:prePrune |   `-- sigmund@1.0.1
46 silly idealTree:prePrune +-- flat-cache@1.3.0
46 silly idealTree:prePrune +-- for-in@1.0.2
46 silly idealTree:prePrune +-- for-own@0.1.5
46 silly idealTree:prePrune +-- forever-agent@0.6.1
46 silly idealTree:prePrune +-- form-data@2.1.4
46 silly idealTree:prePrune +-- formidable@1.2.1
46 silly idealTree:prePrune +-- forwarded@0.1.2
46 silly idealTree:prePrune +-- fresh@0.5.2
46 silly idealTree:prePrune +-- freshy@1.0.4
46 silly idealTree:prePrune +-- fs-walk@0.0.1
46 silly idealTree:prePrune +-- fs.realpath@1.0.0
46 silly idealTree:prePrune +-- generate-function@2.0.0
46 silly idealTree:prePrune +-- generate-object-property@1.2.0
46 silly idealTree:prePrune +-- getobject@0.1.0
46 silly idealTree:prePrune +-- getpass@0.1.7
46 silly idealTree:prePrune | `-- assert-plus@1.0.0
46 silly idealTree:prePrune +-- glob-base@0.3.0
46 silly idealTree:prePrune +-- glob-parent@2.0.0
46 silly idealTree:prePrune +-- glob@7.1.2
46 silly idealTree:prePrune +-- globals@8.18.0
46 silly idealTree:prePrune +-- globby@5.0.0
46 silly idealTree:prePrune +-- graceful-fs@4.1.11
46 silly idealTree:prePrune +-- growl@1.8.1
46 silly idealTree:prePrune +-- grunt-cli@0.1.13
46 silly idealTree:prePrune | `-- resolve@0.3.1
46 silly idealTree:prePrune +-- grunt-config-dir@0.3.2
46 silly idealTree:prePrune +-- grunt-contrib-clean@0.6.0
46 silly idealTree:prePrune | `-- rimraf@2.2.8
46 silly idealTree:prePrune +-- grunt-contrib-less@1.4.1
46 silly idealTree:prePrune | +-- async@2.6.1
46 silly idealTree:prePrune | `-- lodash@4.17.10
46 silly idealTree:prePrune +-- grunt-contrib-requirejs@0.4.4
46 silly idealTree:prePrune | `-- requirejs@2.1.22
46 silly idealTree:prePrune +-- grunt-copy-to@0.0.10
46 silly idealTree:prePrune +-- grunt-dustjs@1.4.0
46 silly idealTree:prePrune +-- grunt-eslint@17.3.2
46 silly idealTree:prePrune +-- grunt-legacy-log-utils@0.1.1
46 silly idealTree:prePrune | +-- lodash@2.4.2
46 silly idealTree:prePrune | `-- underscore.string@2.3.3
46 silly idealTree:prePrune +-- grunt-legacy-log@0.1.3
46 silly idealTree:prePrune | +-- lodash@2.4.2
46 silly idealTree:prePrune | `-- underscore.string@2.3.3
46 silly idealTree:prePrune +-- grunt-legacy-util@0.2.0
46 silly idealTree:prePrune | +-- async@0.1.22
46 silly idealTree:prePrune | `-- lodash@0.9.2
46 silly idealTree:prePrune +-- grunt-makara-amdify@1.0.1
46 silly idealTree:prePrune +-- grunt-mocha-cli@1.14.0
46 silly idealTree:prePrune | +-- debug@2.0.0
46 silly idealTree:prePrune | +-- escape-string-regexp@1.0.2
46 silly idealTree:prePrune | +-- glob@3.2.3
46 silly idealTree:prePrune | +-- graceful-fs@2.0.3
46 silly idealTree:prePrune | +-- minimatch@0.2.14
46 silly idealTree:prePrune | +-- mkdirp@0.5.0
46 silly idealTree:prePrune | +-- mocha@2.2.5
46 silly idealTree:prePrune | +-- ms@0.6.2
46 silly idealTree:prePrune | `-- supports-color@1.2.1
46 silly idealTree:prePrune +-- grunt@0.4.5
46 silly idealTree:prePrune | +-- argparse@0.1.16
46 silly idealTree:prePrune | | `-- underscore.string@2.4.0
46 silly idealTree:prePrune | +-- async@0.1.22
46 silly idealTree:prePrune | +-- esprima@1.0.4
46 silly idealTree:prePrune | +-- glob@3.1.21
46 silly idealTree:prePrune | +-- graceful-fs@1.2.3
46 silly idealTree:prePrune | +-- iconv-lite@0.2.11
46 silly idealTree:prePrune | +-- inherits@1.0.2
46 silly idealTree:prePrune | +-- js-yaml@2.0.5
46 silly idealTree:prePrune | +-- lodash@0.9.2
46 silly idealTree:prePrune | +-- lru-cache@2.7.3
46 silly idealTree:prePrune | +-- minimatch@0.2.14
46 silly idealTree:prePrune | +-- rimraf@2.2.8
46 silly idealTree:prePrune | `-- sigmund@1.0.1
46 silly idealTree:prePrune +-- handlebars@4.0.11
46 silly idealTree:prePrune | `-- source-map@0.4.4
46 silly idealTree:prePrune +-- har-schema@1.0.5
46 silly idealTree:prePrune +-- har-validator@4.2.1
46 silly idealTree:prePrune +-- has-ansi@2.0.0
46 silly idealTree:prePrune +-- hawk@3.1.3
46 silly idealTree:prePrune +-- hoek@2.16.3
46 silly idealTree:prePrune +-- hooker@0.2.3
46 silly idealTree:prePrune +-- http-errors@1.6.3
46 silly idealTree:prePrune +-- http-signature@1.1.1
46 silly idealTree:prePrune +-- iconv-lite@0.4.19
46 silly idealTree:prePrune +-- iferr@0.1.5
46 silly idealTree:prePrune +-- image-size@0.5.5
46 silly idealTree:prePrune +-- inflight@1.0.6
46 silly idealTree:prePrune +-- inherits@2.0.3
46 silly idealTree:prePrune +-- inquirer@0.11.4
46 silly idealTree:prePrune +-- ipaddr.js@1.6.0
46 silly idealTree:prePrune +-- is-binary-path@1.0.1
46 silly idealTree:prePrune +-- is-buffer@1.1.6
46 silly idealTree:prePrune +-- is-dotfile@1.0.3
46 silly idealTree:prePrune +-- is-equal-shallow@0.1.3
46 silly idealTree:prePrune +-- is-extendable@0.1.1
46 silly idealTree:prePrune +-- is-extglob@1.0.0
46 silly idealTree:prePrune +-- is-fullwidth-code-point@1.0.0
46 silly idealTree:prePrune +-- is-glob@2.0.1
46 silly idealTree:prePrune +-- is-my-ip-valid@1.0.0
46 silly idealTree:prePrune +-- is-my-json-valid@2.17.2
46 silly idealTree:prePrune +-- is-number@2.1.0
46 silly idealTree:prePrune +-- is-path-cwd@1.0.0
46 silly idealTree:prePrune +-- is-path-in-cwd@1.0.1
46 silly idealTree:prePrune +-- is-path-inside@1.0.1
46 silly idealTree:prePrune +-- is-posix-bracket@0.1.1
46 silly idealTree:prePrune +-- is-primitive@2.0.0
46 silly idealTree:prePrune +-- is-property@1.0.2
46 silly idealTree:prePrune +-- is-resolvable@1.1.0
46 silly idealTree:prePrune +-- is-typedarray@1.0.0
46 silly idealTree:prePrune +-- isarray@1.0.0
46 silly idealTree:prePrune +-- isobject@2.1.0
46 silly idealTree:prePrune +-- isstream@0.1.2
46 silly idealTree:prePrune +-- jade@0.26.3
46 silly idealTree:prePrune | +-- commander@0.6.1
46 silly idealTree:prePrune | `-- mkdirp@0.3.0
46 silly idealTree:prePrune +-- js-yaml@3.4.5
46 silly idealTree:prePrune | `-- esprima@2.7.3
46 silly idealTree:prePrune +-- jsbn@0.1.1
46 silly idealTree:prePrune +-- json-schema@0.2.3
46 silly idealTree:prePrune +-- json-stable-stringify@1.0.1
46 silly idealTree:prePrune +-- json-stringify-safe@5.0.1
46 silly idealTree:prePrune +-- jsonify@0.0.0
46 silly idealTree:prePrune +-- jsonpointer@4.0.1
46 silly idealTree:prePrune +-- jsprim@1.4.1
46 silly idealTree:prePrune | `-- assert-plus@1.0.0
46 silly idealTree:prePrune +-- kareem@2.3.0
46 silly idealTree:prePrune +-- karka@0.0.2
46 silly idealTree:prePrune +-- kind-of@3.2.2
46 silly idealTree:prePrune +-- kraken-js@2.2.0
46 silly idealTree:prePrune | +-- async@0.2.10
46 silly idealTree:prePrune | +-- caller@1.0.1
46 silly idealTree:prePrune | +-- shortstop-handlers@1.0.1
46 silly idealTree:prePrune | `-- shortstop@1.0.3
46 silly idealTree:prePrune +-- lazy-cache@1.0.4
46 silly idealTree:prePrune +-- less@2.7.3
46 silly idealTree:prePrune +-- levn@0.2.5
46 silly idealTree:prePrune +-- lodash._arraycopy@3.0.0
46 silly idealTree:prePrune +-- lodash._arrayeach@3.0.0
46 silly idealTree:prePrune +-- lodash._arraymap@3.0.0
46 silly idealTree:prePrune +-- lodash._baseassign@3.2.0
46 silly idealTree:prePrune +-- lodash._baseclone@3.3.0
46 silly idealTree:prePrune +-- lodash._basecopy@3.0.1
46 silly idealTree:prePrune +-- lodash._basedifference@3.0.3
46 silly idealTree:prePrune +-- lodash._baseflatten@3.1.4
46 silly idealTree:prePrune +-- lodash._basefor@3.0.3
46 silly idealTree:prePrune +-- lodash._baseindexof@3.1.0
46 silly idealTree:prePrune +-- lodash._bindcallback@3.0.1
46 silly idealTree:prePrune +-- lodash._cacheindexof@3.0.2
46 silly idealTree:prePrune +-- lodash._createassigner@3.1.1
46 silly idealTree:prePrune +-- lodash._createcache@3.1.2
46 silly idealTree:prePrune +-- lodash._getnative@3.9.1
46 silly idealTree:prePrune +-- lodash._isiterateecall@3.0.9
46 silly idealTree:prePrune +-- lodash._pickbyarray@3.0.2
46 silly idealTree:prePrune +-- lodash._pickbycallback@3.0.0
46 silly idealTree:prePrune +-- lodash.clonedeep@3.0.2
46 silly idealTree:prePrune +-- lodash.isarguments@3.1.0
46 silly idealTree:prePrune +-- lodash.isarray@3.0.4
46 silly idealTree:prePrune +-- lodash.isplainobject@3.2.0
46 silly idealTree:prePrune +-- lodash.istypedarray@3.0.6
46 silly idealTree:prePrune +-- lodash.keys@3.1.2
46 silly idealTree:prePrune +-- lodash.keysin@3.0.8
46 silly idealTree:prePrune +-- lodash.merge@3.3.2
46 silly idealTree:prePrune +-- lodash.omit@3.1.0
46 silly idealTree:prePrune +-- lodash.restparam@3.6.1
46 silly idealTree:prePrune +-- lodash.toplainobject@3.0.0
46 silly idealTree:prePrune +-- lodash@3.10.1
46 silly idealTree:prePrune +-- longest@1.0.1
46 silly idealTree:prePrune +-- lru-cache@2.7.3
46 silly idealTree:prePrune +-- lusca@1.6.0
46 silly idealTree:prePrune +-- makara-amdify@1.1.9
46 silly idealTree:prePrune +-- makara-builder@2.0.0
46 silly idealTree:prePrune | `-- glob@5.0.15
46 silly idealTree:prePrune +-- makara-languagepackpath@1.1.1
46 silly idealTree:prePrune +-- makara@2.0.3
46 silly idealTree:prePrune | +-- d@0.1.1
46 silly idealTree:prePrune | +-- es6-iterator@0.1.3
46 silly idealTree:prePrune | +-- es6-symbol@2.0.1
46 silly idealTree:prePrune | `-- es6-weak-map@1.0.2
46 silly idealTree:prePrune +-- math-random@1.0.1
46 silly idealTree:prePrune +-- meddleware@3.0.3
46 silly idealTree:prePrune | `-- debuglog@0.0.4
46 silly idealTree:prePrune +-- media-typer@0.3.0
46 silly idealTree:prePrune +-- memory-pager@1.5.0
46 silly idealTree:prePrune +-- merge-descriptors@1.0.1
46 silly idealTree:prePrune +-- methods@1.1.2
46 silly idealTree:prePrune +-- micromatch@2.3.11
46 silly idealTree:prePrune +-- mime-db@1.33.0
46 silly idealTree:prePrune +-- mime-types@2.1.18
46 silly idealTree:prePrune +-- mime@1.6.0
46 silly idealTree:prePrune +-- minimatch@3.0.4
46 silly idealTree:prePrune +-- minimist@0.0.8
46 silly idealTree:prePrune +-- mkdirp@0.5.1
46 silly idealTree:prePrune +-- mocha@1.21.5
46 silly idealTree:prePrune | +-- debug@2.0.0
46 silly idealTree:prePrune | +-- diff@1.0.8
46 silly idealTree:prePrune | +-- escape-string-regexp@1.0.2
46 silly idealTree:prePrune | +-- glob@3.2.3
46 silly idealTree:prePrune | +-- graceful-fs@2.0.3
46 silly idealTree:prePrune | +-- minimatch@0.2.14
46 silly idealTree:prePrune | +-- mkdirp@0.5.0
46 silly idealTree:prePrune | `-- ms@0.6.2
46 silly idealTree:prePrune +-- mongodb-core@3.0.9
46 silly idealTree:prePrune +-- mongodb@3.0.10
46 silly idealTree:prePrune +-- mongoose-legacy-pluralize@1.0.2
46 silly idealTree:prePrune +-- mongoose@5.6.10
46 silly idealTree:prePrune | +-- async@2.6.2
46 silly idealTree:prePrune | +-- bson@1.1.1
46 silly idealTree:prePrune | +-- lodash@4.17.15
46 silly idealTree:prePrune | +-- mongodb-core@3.2.7
46 silly idealTree:prePrune | +-- mongodb@3.2.7
46 silly idealTree:prePrune | `-- ms@2.1.2
46 silly idealTree:prePrune +-- morgan@1.9.0
46 silly idealTree:prePrune +-- mpath@0.6.0
46 silly idealTree:prePrune +-- mquery@3.2.1
46 silly idealTree:prePrune | `-- debug@3.1.0
46 silly idealTree:prePrune +-- ms@2.0.0
46 silly idealTree:prePrune +-- mute-stream@0.0.5
46 silly idealTree:prePrune +-- n-deep-merge@0.0.1
46 silly idealTree:prePrune +-- negotiator@0.6.1
46 silly idealTree:prePrune +-- next-tick@1.0.0
46 silly idealTree:prePrune +-- nopt@1.0.10
46 silly idealTree:prePrune +-- normalize-path@2.1.1
46 silly idealTree:prePrune +-- number-is-nan@1.0.1
46 silly idealTree:prePrune +-- oauth-sign@0.8.2
46 silly idealTree:prePrune +-- object-assign@4.1.1
46 silly idealTree:prePrune +-- object.omit@2.0.1
46 silly idealTree:prePrune +-- on-finished@2.3.0
46 silly idealTree:prePrune +-- on-headers@1.0.1
46 silly idealTree:prePrune +-- once@1.4.0
46 silly idealTree:prePrune +-- onetime@1.1.0
46 silly idealTree:prePrune +-- optimist@0.6.1
46 silly idealTree:prePrune +-- optionator@0.6.0
46 silly idealTree:prePrune +-- os-homedir@1.0.2
46 silly idealTree:prePrune +-- parse-glob@3.0.4
46 silly idealTree:prePrune +-- parseurl@1.3.2
46 silly idealTree:prePrune +-- path-is-absolute@1.0.1
46 silly idealTree:prePrune +-- path-is-inside@1.0.2
46 silly idealTree:prePrune +-- path-parse@1.0.5
46 silly idealTree:prePrune +-- path-to-regexp@0.1.7
46 silly idealTree:prePrune +-- path@0.11.14
46 silly idealTree:prePrune +-- performance-now@0.2.0
46 silly idealTree:prePrune +-- permutron@1.3.1
46 silly idealTree:prePrune +-- pify@2.3.0
46 silly idealTree:prePrune +-- pinkie-promise@2.0.1
46 silly idealTree:prePrune +-- pinkie@2.0.4
46 silly idealTree:prePrune +-- prelude-ls@1.1.2
46 silly idealTree:prePrune +-- preserve@0.2.0
46 silly idealTree:prePrune +-- process-nextick-args@2.0.0
46 silly idealTree:prePrune +-- promise@7.3.1
46 silly idealTree:prePrune +-- proxy-addr@2.0.3
46 silly idealTree:prePrune +-- prr@1.0.1
46 silly idealTree:prePrune +-- punycode@1.4.1
46 silly idealTree:prePrune +-- qs@6.4.0
46 silly idealTree:prePrune +-- random-bytes@1.0.0
46 silly idealTree:prePrune +-- randomatic@3.0.0
46 silly idealTree:prePrune | +-- is-number@4.0.0
46 silly idealTree:prePrune | `-- kind-of@6.0.2
46 silly idealTree:prePrune +-- range-parser@1.2.0
46 silly idealTree:prePrune +-- raw-body@2.3.2
46 silly idealTree:prePrune | +-- depd@1.1.1
46 silly idealTree:prePrune | +-- http-errors@1.6.2
46 silly idealTree:prePrune | `-- setprototypeof@1.0.3
46 silly idealTree:prePrune +-- readable-stream@2.3.6
46 silly idealTree:prePrune +-- readdirp@2.1.0
46 silly idealTree:prePrune +-- readline2@1.0.1
46 silly idealTree:prePrune +-- reduce-component@1.0.1
46 silly idealTree:prePrune +-- regex-cache@0.4.4
46 silly idealTree:prePrune +-- regexp-clone@1.0.0
46 silly idealTree:prePrune +-- remove-trailing-separator@1.1.0
46 silly idealTree:prePrune +-- repeat-element@1.1.2
46 silly idealTree:prePrune +-- repeat-string@1.6.1
46 silly idealTree:prePrune +-- request@2.81.0
46 silly idealTree:prePrune +-- require_optional@1.0.1
46 silly idealTree:prePrune +-- requirejs@2.3.5
46 silly idealTree:prePrune +-- resolve-from@2.0.0
46 silly idealTree:prePrune +-- resolve@1.8.0
46 silly idealTree:prePrune +-- restore-cursor@1.0.1
46 silly idealTree:prePrune +-- resumer@0.0.0
46 silly idealTree:prePrune +-- right-align@0.1.3
46 silly idealTree:prePrune +-- rimraf@2.6.2
46 silly idealTree:prePrune +-- run-async@0.1.0
46 silly idealTree:prePrune +-- rx-lite@3.1.2
46 silly idealTree:prePrune +-- safe-buffer@5.1.2
46 silly idealTree:prePrune +-- safer-buffer@2.1.2
46 silly idealTree:prePrune +-- saslprep@1.0.3
46 silly idealTree:prePrune +-- semver@5.5.0
46 silly idealTree:prePrune +-- send@0.16.2
46 silly idealTree:prePrune | `-- mime@1.4.1
46 silly idealTree:prePrune +-- serve-favicon@2.5.0
46 silly idealTree:prePrune | +-- ms@2.1.1
46 silly idealTree:prePrune | `-- safe-buffer@5.1.1
46 silly idealTree:prePrune +-- serve-static@1.13.2
46 silly idealTree:prePrune +-- set-immediate-shim@1.0.1
46 silly idealTree:prePrune +-- setprototypeof@1.1.0
46 silly idealTree:prePrune +-- shelljs@0.5.3
46 silly idealTree:prePrune +-- shortstop-handlers@0.1.0
46 silly idealTree:prePrune +-- shortstop-resolve@1.0.1
46 silly idealTree:prePrune +-- shortstop@0.0.1
46 silly idealTree:prePrune +-- shush@1.0.0
46 silly idealTree:prePrune | `-- strip-json-comments@0.1.3
46 silly idealTree:prePrune +-- sift@7.0.1
46 silly idealTree:prePrune +-- sigmund@1.0.1
46 silly idealTree:prePrune +-- sliced@1.0.1
46 silly idealTree:prePrune +-- sntp@1.0.9
46 silly idealTree:prePrune +-- source-map@0.5.7
46 silly idealTree:prePrune +-- sparse-bitfield@3.0.3
46 silly idealTree:prePrune +-- sprintf-js@1.0.3
46 silly idealTree:prePrune +-- spud@2.0.1
46 silly idealTree:prePrune +-- spundle@1.0.4
46 silly idealTree:prePrune | +-- async@0.9.2
46 silly idealTree:prePrune | `-- nopt@3.0.6
46 silly idealTree:prePrune +-- sshpk@1.14.2
46 silly idealTree:prePrune | `-- assert-plus@1.0.0
46 silly idealTree:prePrune +-- statuses@1.4.0
46 silly idealTree:prePrune +-- string_decoder@1.1.1
46 silly idealTree:prePrune +-- string-width@1.0.2
46 silly idealTree:prePrune +-- string.fromcodepoint@0.2.1
46 silly idealTree:prePrune +-- stringstream@0.0.6
46 silly idealTree:prePrune +-- strip-ansi@3.0.1
46 silly idealTree:prePrune +-- strip-json-comments@1.0.4
46 silly idealTree:prePrune +-- superagent@0.17.0
46 silly idealTree:prePrune | +-- debug@0.7.4
46 silly idealTree:prePrune | +-- extend@1.2.1
46 silly idealTree:prePrune | +-- formidable@1.0.14
46 silly idealTree:prePrune | +-- methods@0.0.1
46 silly idealTree:prePrune | +-- mime@1.2.5
46 silly idealTree:prePrune | `-- qs@0.6.5
46 silly idealTree:prePrune +-- supertest@0.9.2
46 silly idealTree:prePrune | `-- methods@0.1.0
46 silly idealTree:prePrune +-- supports-color@2.0.0
46 silly idealTree:prePrune +-- tape@2.3.3
46 silly idealTree:prePrune +-- text-table@0.2.0
46 silly idealTree:prePrune +-- through@2.3.8
46 silly idealTree:prePrune +-- tough-cookie@2.3.4
46 silly idealTree:prePrune +-- tsscmp@1.0.5
46 silly idealTree:prePrune +-- tunnel-agent@0.6.0
46 silly idealTree:prePrune +-- tweetnacl@0.14.5
46 silly idealTree:prePrune +-- type-check@0.3.2
46 silly idealTree:prePrune +-- type-is@1.6.16
46 silly idealTree:prePrune +-- typedarray@0.0.6
46 silly idealTree:prePrune +-- uglify-js@2.8.29
46 silly idealTree:prePrune +-- uglify-to-browserify@1.0.2
46 silly idealTree:prePrune +-- uid-safe@2.1.5
46 silly idealTree:prePrune +-- underscore.string@2.2.1
46 silly idealTree:prePrune +-- underscore@1.7.0
46 silly idealTree:prePrune +-- unpipe@1.0.0
46 silly idealTree:prePrune +-- user-home@2.0.0
46 silly idealTree:prePrune +-- util-deprecate@1.0.2
46 silly idealTree:prePrune +-- utils-merge@1.0.1
46 silly idealTree:prePrune +-- uuid@3.2.1
46 silly idealTree:prePrune +-- vary@1.1.2
46 silly idealTree:prePrune +-- verror@1.10.0
46 silly idealTree:prePrune | `-- assert-plus@1.0.0
46 silly idealTree:prePrune +-- which@1.0.9
46 silly idealTree:prePrune +-- window-size@0.1.0
46 silly idealTree:prePrune +-- wordwrap@0.0.3
46 silly idealTree:prePrune +-- wrappy@1.0.2
46 silly idealTree:prePrune +-- write@0.2.1
46 silly idealTree:prePrune +-- xml-escape@1.0.0
46 silly idealTree:prePrune +-- xtend@4.0.1
46 silly idealTree:prePrune `-- yargs@3.10.0
47 silly loadIdealTree Finishing
48 silly currentTree textbooks@0.1.0
48 silly currentTree +-- abbrev@1.1.1
48 silly currentTree +-- accepts@1.3.5
48 silly currentTree +-- adaro@1.0.4
48 silly currentTree +-- ajv@4.11.8
48 silly currentTree +-- align-text@0.1.4
48 silly currentTree +-- amdefine@1.0.1
48 silly currentTree +-- ansi-escapes@1.4.0
48 silly currentTree +-- ansi-regex@2.1.1
48 silly currentTree +-- ansi-styles@2.2.1
48 silly currentTree +-- anymatch@1.3.2
48 silly currentTree +-- aproba@1.2.0
48 silly currentTree +-- argparse@1.0.10
48 silly currentTree +-- arr-diff@2.0.0
48 silly currentTree +-- arr-flatten@1.1.0
48 silly currentTree +-- array-flatten@1.1.1
48 silly currentTree +-- array-union@1.0.2
48 silly currentTree +-- array-uniq@1.0.3
48 silly currentTree +-- array-unique@0.2.1
48 silly currentTree +-- arrify@1.0.1
48 silly currentTree +-- asap@2.0.6
48 silly currentTree +-- asn1@0.2.3
48 silly currentTree +-- assert-plus@0.2.0
48 silly currentTree +-- async-each@1.0.1
48 silly currentTree +-- async@1.5.2
48 silly currentTree +-- asynckit@0.4.0
48 silly currentTree +-- aws-sign2@0.6.0
48 silly currentTree +-- aws4@1.7.0
48 silly currentTree +-- babel-runtime@4.7.3
48 silly currentTree +-- balanced-match@1.0.0
48 silly currentTree +-- basic-auth@2.0.0
48 silly currentTree | `-- safe-buffer@5.1.1
48 silly currentTree +-- bcp47-stringify@1.0.0
48 silly currentTree +-- bcp47@1.1.2
48 silly currentTree +-- bcrypt-pbkdf@1.0.1
48 silly currentTree +-- binary-extensions@1.11.0
48 silly currentTree +-- bl@0.9.5
48 silly currentTree | +-- isarray@0.0.1
48 silly currentTree | +-- readable-stream@1.0.34
48 silly currentTree | `-- string_decoder@0.10.31
48 silly currentTree +-- bluebird@3.5.1
48 silly currentTree +-- body-parser@1.18.2
48 silly currentTree | `-- qs@6.5.1
48 silly currentTree +-- boom@2.10.1
48 silly currentTree +-- brace-expansion@1.1.11
48 silly currentTree +-- braces@1.8.5
48 silly currentTree +-- bson@1.0.9
48 silly currentTree +-- buffer-from@1.1.0
48 silly currentTree +-- bundalo@0.2.10
48 silly currentTree +-- bytes@3.0.0
48 silly currentTree +-- caller@0.0.1
48 silly currentTree +-- camelcase@1.2.1
48 silly currentTree +-- caseless@0.12.0
48 silly currentTree +-- center-align@0.1.3
48 silly currentTree +-- chalk@1.1.3
48 silly currentTree +-- chokidar@1.5.2
48 silly currentTree +-- circular-json@0.3.3
48 silly currentTree +-- cli-cursor@1.0.2
48 silly currentTree +-- cli-width@1.1.1
48 silly currentTree +-- cli@1.0.1
48 silly currentTree +-- cliui@2.1.0
48 silly currentTree | `-- wordwrap@0.0.2
48 silly currentTree +-- co@4.6.0
48 silly currentTree +-- code-point-at@1.1.0
48 silly currentTree +-- coffee-script@1.3.3
48 silly currentTree +-- colors@0.6.2
48 silly currentTree +-- combined-stream@1.0.6
48 silly currentTree +-- commander@2.3.0
48 silly currentTree +-- compressible@2.0.14
48 silly currentTree | `-- mime-db@1.34.0
48 silly currentTree +-- compression@1.7.2
48 silly currentTree | `-- safe-buffer@5.1.1
48 silly currentTree +-- concat-map@0.0.1
48 silly currentTree +-- concat-stream@1.6.2
48 silly currentTree +-- confit@2.3.0
48 silly currentTree | +-- async@0.9.2
48 silly currentTree | +-- caller@1.0.1
48 silly currentTree | +-- minimist@1.2.0
48 silly currentTree | +-- shortstop-handlers@1.0.1
48 silly currentTree | `-- shortstop@1.0.3
48 silly currentTree |   `-- async@0.2.10
48 silly currentTree +-- connect-flash@0.1.1
48 silly currentTree +-- construx-copier@1.0.0
48 silly currentTree +-- construx-dustjs@1.1.0
48 silly currentTree +-- construx-less@1.0.0
48 silly currentTree +-- construx@1.0.1
48 silly currentTree | `-- async@0.2.10
48 silly currentTree +-- content-disposition@0.5.2
48 silly currentTree +-- content-type@1.0.4
48 silly currentTree +-- cookie-parser@1.4.3
48 silly currentTree +-- cookie-signature@1.0.6
48 silly currentTree +-- cookie@0.3.1
48 silly currentTree +-- cookiejar@1.3.0
48 silly currentTree +-- core-util-is@1.0.2
48 silly currentTree +-- crc@3.4.4
48 silly currentTree +-- cryptiles@2.0.5
48 silly currentTree +-- d@1.0.0
48 silly currentTree +-- dashdash@1.14.1
48 silly currentTree | `-- assert-plus@1.0.0
48 silly currentTree +-- dateformat@1.0.2-1.2.3
48 silly currentTree +-- debug@2.6.9
48 silly currentTree +-- debuglog@1.0.1
48 silly currentTree +-- decamelize@1.2.0
48 silly currentTree +-- deep-equal@0.1.2
48 silly currentTree +-- deep-is@0.1.3
48 silly currentTree +-- defined@0.0.0
48 silly currentTree +-- del@2.2.2
48 silly currentTree +-- delayed-stream@1.0.0
48 silly currentTree +-- depd@1.1.2
48 silly currentTree +-- destroy@1.0.4
48 silly currentTree +-- diff@1.4.0
48 silly currentTree +-- doctrine@0.7.2
48 silly currentTree | +-- esutils@1.1.6
48 silly currentTree | `-- isarray@0.0.1
48 silly currentTree +-- dust-makara-helpers@4.2.0
48 silly currentTree +-- dust-message-helper@4.2.1
48 silly currentTree +-- dust-usecontent-helper@4.0.1
48 silly currentTree +-- dustjs-helpers@1.7.4
48 silly currentTree +-- dustjs-linkedin@2.7.5
48 silly currentTree +-- ecc-jsbn@0.1.1
48 silly currentTree +-- ee-first@1.1.1
48 silly currentTree +-- emitter-component@1.0.0
48 silly currentTree +-- encodeurl@1.0.2
48 silly currentTree +-- endgame@1.0.0
48 silly currentTree +-- engine-munger@1.1.2
48 silly currentTree | +-- express@4.16.3
48 silly currentTree | +-- qs@6.5.1
48 silly currentTree | `-- safe-buffer@5.1.1
48 silly currentTree +-- errno@0.1.7
48 silly currentTree +-- es5-ext@0.10.45
48 silly currentTree +-- es6-iterator@2.0.3
48 silly currentTree +-- es6-map@0.1.5
48 silly currentTree +-- es6-set@0.1.5
48 silly currentTree +-- es6-symbol@3.1.1
48 silly currentTree +-- es6-weak-map@2.0.2
48 silly currentTree +-- escape-html@1.0.3
48 silly currentTree +-- escape-string-regexp@1.0.5
48 silly currentTree +-- escope@3.6.0
48 silly currentTree +-- eslint@1.10.3
48 silly currentTree | `-- glob@5.0.15
48 silly currentTree +-- espree@2.2.5
48 silly currentTree +-- esrecurse@4.2.1
48 silly currentTree +-- estraverse-fb@1.3.2
48 silly currentTree +-- estraverse@4.2.0
48 silly currentTree +-- esutils@2.0.2
48 silly currentTree +-- etag@1.8.1
48 silly currentTree +-- event-emitter@0.3.5
48 silly currentTree +-- eventemitter2@0.4.14
48 silly currentTree +-- exit-hook@1.1.1
48 silly currentTree +-- exit@0.1.2
48 silly currentTree +-- expand-brackets@0.1.5
48 silly currentTree +-- expand-range@1.8.2
48 silly currentTree +-- express-enrouten@1.3.0
48 silly currentTree | +-- caller@1.0.1
48 silly currentTree | +-- isarray@0.0.1
48 silly currentTree | `-- path-to-regexp@1.7.0
48 silly currentTree +-- express-messages@1.0.1
48 silly currentTree +-- express-session@1.15.6
48 silly currentTree +-- express@4.16.3
48 silly currentTree | +-- qs@6.5.1
48 silly currentTree | `-- safe-buffer@5.1.1
48 silly currentTree +-- extend@3.0.1
48 silly currentTree +-- extglob@0.3.2
48 silly currentTree +-- extsprintf@1.3.0
48 silly currentTree +-- fast-levenshtein@1.0.7
48 silly currentTree +-- figures@1.7.0
48 silly currentTree +-- file-entry-cache@1.3.1
48 silly currentTree +-- file-resolver@1.0.2
48 silly currentTree | `-- graceful-fs@2.0.3
48 silly currentTree +-- filename-regex@2.0.1
48 silly currentTree +-- fill-range@2.2.4
48 silly currentTree +-- finalhandler@1.1.1
48 silly currentTree +-- findup-sync@0.1.3
48 silly currentTree | +-- glob@3.2.11
48 silly currentTree | +-- lodash@2.4.2
48 silly currentTree | `-- minimatch@0.3.0
48 silly currentTree |   +-- lru-cache@2.7.3
48 silly currentTree |   `-- sigmund@1.0.1
48 silly currentTree +-- flat-cache@1.3.0
48 silly currentTree +-- for-in@1.0.2
48 silly currentTree +-- for-own@0.1.5
48 silly currentTree +-- forever-agent@0.6.1
48 silly currentTree +-- form-data@2.1.4
48 silly currentTree +-- formidable@1.2.1
48 silly currentTree +-- forwarded@0.1.2
48 silly currentTree +-- fresh@0.5.2
48 silly currentTree +-- freshy@1.0.4
48 silly currentTree +-- fs-walk@0.0.1
48 silly currentTree +-- fs.realpath@1.0.0
48 silly currentTree +-- generate-function@2.0.0
48 silly currentTree +-- generate-object-property@1.2.0
48 silly currentTree +-- getobject@0.1.0
48 silly currentTree +-- getpass@0.1.7
48 silly currentTree | `-- assert-plus@1.0.0
48 silly currentTree +-- glob-base@0.3.0
48 silly currentTree +-- glob-parent@2.0.0
48 silly currentTree +-- glob@7.1.2
48 silly currentTree +-- globals@8.18.0
48 silly currentTree +-- globby@5.0.0
48 silly currentTree +-- graceful-fs@4.1.11
48 silly currentTree +-- growl@1.8.1
48 silly currentTree +-- grunt-cli@0.1.13
48 silly currentTree | `-- resolve@0.3.1
48 silly currentTree +-- grunt-config-dir@0.3.2
48 silly currentTree +-- grunt-contrib-clean@0.6.0
48 silly currentTree | `-- rimraf@2.2.8
48 silly currentTree +-- grunt-contrib-less@1.4.1
48 silly currentTree | +-- async@2.6.1
48 silly currentTree | `-- lodash@4.17.10
48 silly currentTree +-- grunt-contrib-requirejs@0.4.4
48 silly currentTree | `-- requirejs@2.1.22
48 silly currentTree +-- grunt-copy-to@0.0.10
48 silly currentTree +-- grunt-dustjs@1.4.0
48 silly currentTree +-- grunt-eslint@17.3.2
48 silly currentTree +-- grunt-legacy-log-utils@0.1.1
48 silly currentTree | +-- lodash@2.4.2
48 silly currentTree | `-- underscore.string@2.3.3
48 silly currentTree +-- grunt-legacy-log@0.1.3
48 silly currentTree | +-- lodash@2.4.2
48 silly currentTree | `-- underscore.string@2.3.3
48 silly currentTree +-- grunt-legacy-util@0.2.0
48 silly currentTree | +-- async@0.1.22
48 silly currentTree | `-- lodash@0.9.2
48 silly currentTree +-- grunt-makara-amdify@1.0.1
48 silly currentTree +-- grunt-mocha-cli@1.14.0
48 silly currentTree | +-- debug@2.0.0
48 silly currentTree | +-- escape-string-regexp@1.0.2
48 silly currentTree | +-- glob@3.2.3
48 silly currentTree | +-- graceful-fs@2.0.3
48 silly currentTree | +-- minimatch@0.2.14
48 silly currentTree | +-- mkdirp@0.5.0
48 silly currentTree | +-- mocha@2.2.5
48 silly currentTree | +-- ms@0.6.2
48 silly currentTree | `-- supports-color@1.2.1
48 silly currentTree +-- grunt@0.4.5
48 silly currentTree | +-- argparse@0.1.16
48 silly currentTree | | `-- underscore.string@2.4.0
48 silly currentTree | +-- async@0.1.22
48 silly currentTree | +-- esprima@1.0.4
48 silly currentTree | +-- glob@3.1.21
48 silly currentTree | +-- graceful-fs@1.2.3
48 silly currentTree | +-- iconv-lite@0.2.11
48 silly currentTree | +-- inherits@1.0.2
48 silly currentTree | +-- js-yaml@2.0.5
48 silly currentTree | +-- lodash@0.9.2
48 silly currentTree | +-- lru-cache@2.7.3
48 silly currentTree | +-- minimatch@0.2.14
48 silly currentTree | +-- rimraf@2.2.8
48 silly currentTree | `-- sigmund@1.0.1
48 silly currentTree +-- handlebars@4.0.11
48 silly currentTree | `-- source-map@0.4.4
48 silly currentTree +-- har-schema@1.0.5
48 silly currentTree +-- har-validator@4.2.1
48 silly currentTree +-- has-ansi@2.0.0
48 silly currentTree +-- hawk@3.1.3
48 silly currentTree +-- hoek@2.16.3
48 silly currentTree +-- hooker@0.2.3
48 silly currentTree +-- http-errors@1.6.3
48 silly currentTree +-- http-signature@1.1.1
48 silly currentTree +-- iconv-lite@0.4.19
48 silly currentTree +-- iferr@0.1.5
48 silly currentTree +-- image-size@0.5.5
48 silly currentTree +-- inflight@1.0.6
48 silly currentTree +-- inherits@2.0.3
48 silly currentTree +-- inquirer@0.11.4
48 silly currentTree +-- ipaddr.js@1.6.0
48 silly currentTree +-- is-binary-path@1.0.1
48 silly currentTree +-- is-buffer@1.1.6
48 silly currentTree +-- is-dotfile@1.0.3
48 silly currentTree +-- is-equal-shallow@0.1.3
48 silly currentTree +-- is-extendable@0.1.1
48 silly currentTree +-- is-extglob@1.0.0
48 silly currentTree +-- is-fullwidth-code-point@1.0.0
48 silly currentTree +-- is-glob@2.0.1
48 silly currentTree +-- is-my-ip-valid@1.0.0
48 silly currentTree +-- is-my-json-valid@2.17.2
48 silly currentTree +-- is-number@2.1.0
48 silly currentTree +-- is-path-cwd@1.0.0
48 silly currentTree +-- is-path-in-cwd@1.0.1
48 silly currentTree +-- is-path-inside@1.0.1
48 silly currentTree +-- is-posix-bracket@0.1.1
48 silly currentTree +-- is-primitive@2.0.0
48 silly currentTree +-- is-property@1.0.2
48 silly currentTree +-- is-resolvable@1.1.0
48 silly currentTree +-- is-typedarray@1.0.0
48 silly currentTree +-- isarray@1.0.0
48 silly currentTree +-- isobject@2.1.0
48 silly currentTree +-- isstream@0.1.2
48 silly currentTree +-- jade@0.26.3
48 silly currentTree | +-- commander@0.6.1
48 silly currentTree | `-- mkdirp@0.3.0
48 silly currentTree +-- js-yaml@3.4.5
48 silly currentTree | `-- esprima@2.7.3
48 silly currentTree +-- jsbn@0.1.1
48 silly currentTree +-- json-schema@0.2.3
48 silly currentTree +-- json-stable-stringify@1.0.1
48 silly currentTree +-- json-stringify-safe@5.0.1
48 silly currentTree +-- jsonify@0.0.0
48 silly currentTree +-- jsonpointer@4.0.1
48 silly currentTree +-- jsprim@1.4.1
48 silly currentTree | `-- assert-plus@1.0.0
48 silly currentTree +-- kareem@2.3.0
48 silly currentTree +-- karka@0.0.2
48 silly currentTree +-- kind-of@3.2.2
48 silly currentTree +-- kraken-js@2.2.0
48 silly currentTree | +-- async@0.2.10
48 silly currentTree | +-- caller@1.0.1
48 silly currentTree | +-- shortstop-handlers@1.0.1
48 silly currentTree | `-- shortstop@1.0.3
48 silly currentTree +-- lazy-cache@1.0.4
48 silly currentTree +-- less@2.7.3
48 silly currentTree +-- levn@0.2.5
48 silly currentTree +-- lodash._arraycopy@3.0.0
48 silly currentTree +-- lodash._arrayeach@3.0.0
48 silly currentTree +-- lodash._arraymap@3.0.0
48 silly currentTree +-- lodash._baseassign@3.2.0
48 silly currentTree +-- lodash._baseclone@3.3.0
48 silly currentTree +-- lodash._basecopy@3.0.1
48 silly currentTree +-- lodash._basedifference@3.0.3
48 silly currentTree +-- lodash._baseflatten@3.1.4
48 silly currentTree +-- lodash._basefor@3.0.3
48 silly currentTree +-- lodash._baseindexof@3.1.0
48 silly currentTree +-- lodash._bindcallback@3.0.1
48 silly currentTree +-- lodash._cacheindexof@3.0.2
48 silly currentTree +-- lodash._createassigner@3.1.1
48 silly currentTree +-- lodash._createcache@3.1.2
48 silly currentTree +-- lodash._getnative@3.9.1
48 silly currentTree +-- lodash._isiterateecall@3.0.9
48 silly currentTree +-- lodash._pickbyarray@3.0.2
48 silly currentTree +-- lodash._pickbycallback@3.0.0
48 silly currentTree +-- lodash.clonedeep@3.0.2
48 silly currentTree +-- lodash.isarguments@3.1.0
48 silly currentTree +-- lodash.isarray@3.0.4
48 silly currentTree +-- lodash.isplainobject@3.2.0
48 silly currentTree +-- lodash.istypedarray@3.0.6
48 silly currentTree +-- lodash.keys@3.1.2
48 silly currentTree +-- lodash.keysin@3.0.8
48 silly currentTree +-- lodash.merge@3.3.2
48 silly currentTree +-- lodash.omit@3.1.0
48 silly currentTree +-- lodash.restparam@3.6.1
48 silly currentTree +-- lodash.toplainobject@3.0.0
48 silly currentTree +-- lodash@3.10.1
48 silly currentTree +-- longest@1.0.1
48 silly currentTree +-- lru-cache@2.7.3
48 silly currentTree +-- lusca@1.6.0
48 silly currentTree +-- makara-amdify@1.1.9
48 silly currentTree +-- makara-builder@2.0.0
48 silly currentTree | `-- glob@5.0.15
48 silly currentTree +-- makara-languagepackpath@1.1.1
48 silly currentTree +-- makara@2.0.3
48 silly currentTree | +-- d@0.1.1
48 silly currentTree | +-- es6-iterator@0.1.3
48 silly currentTree | +-- es6-symbol@2.0.1
48 silly currentTree | `-- es6-weak-map@1.0.2
48 silly currentTree +-- math-random@1.0.1
48 silly currentTree +-- meddleware@3.0.3
48 silly currentTree | `-- debuglog@0.0.4
48 silly currentTree +-- media-typer@0.3.0
48 silly currentTree +-- memory-pager@1.5.0
48 silly currentTree +-- merge-descriptors@1.0.1
48 silly currentTree +-- methods@1.1.2
48 silly currentTree +-- micromatch@2.3.11
48 silly currentTree +-- mime-db@1.33.0
48 silly currentTree +-- mime-types@2.1.18
48 silly currentTree +-- mime@1.6.0
48 silly currentTree +-- minimatch@3.0.4
48 silly currentTree +-- minimist@0.0.8
48 silly currentTree +-- mkdirp@0.5.1
48 silly currentTree +-- mocha@1.21.5
48 silly currentTree | +-- debug@2.0.0
48 silly currentTree | +-- diff@1.0.8
48 silly currentTree | +-- escape-string-regexp@1.0.2
48 silly currentTree | +-- glob@3.2.3
48 silly currentTree | +-- graceful-fs@2.0.3
48 silly currentTree | +-- minimatch@0.2.14
48 silly currentTree | +-- mkdirp@0.5.0
48 silly currentTree | `-- ms@0.6.2
48 silly currentTree +-- mongodb-core@3.0.9
48 silly currentTree +-- mongodb@3.0.10
48 silly currentTree +-- mongoose-legacy-pluralize@1.0.2
48 silly currentTree +-- mongoose@5.6.10
48 silly currentTree | +-- async@2.6.2
48 silly currentTree | +-- bson@1.1.1
48 silly currentTree | +-- lodash@4.17.15
48 silly currentTree | +-- mongodb-core@3.2.7
48 silly currentTree | +-- mongodb@3.2.7
48 silly currentTree | `-- ms@2.1.2
48 silly currentTree +-- morgan@1.9.0
48 silly currentTree +-- mpath@0.6.0
48 silly currentTree +-- mquery@3.2.1
48 silly currentTree | `-- debug@3.1.0
48 silly currentTree +-- ms@2.0.0
48 silly currentTree +-- mute-stream@0.0.5
48 silly currentTree +-- n-deep-merge@0.0.1
48 silly currentTree +-- negotiator@0.6.1
48 silly currentTree +-- next-tick@1.0.0
48 silly currentTree +-- nopt@1.0.10
48 silly currentTree +-- normalize-path@2.1.1
48 silly currentTree +-- number-is-nan@1.0.1
48 silly currentTree +-- oauth-sign@0.8.2
48 silly currentTree +-- object-assign@4.1.1
48 silly currentTree +-- object.omit@2.0.1
48 silly currentTree +-- on-finished@2.3.0
48 silly currentTree +-- on-headers@1.0.1
48 silly currentTree +-- once@1.4.0
48 silly currentTree +-- onetime@1.1.0
48 silly currentTree +-- optimist@0.6.1
48 silly currentTree +-- optionator@0.6.0
48 silly currentTree +-- os-homedir@1.0.2
48 silly currentTree +-- parse-glob@3.0.4
48 silly currentTree +-- parseurl@1.3.2
48 silly currentTree +-- path-is-absolute@1.0.1
48 silly currentTree +-- path-is-inside@1.0.2
48 silly currentTree +-- path-parse@1.0.5
48 silly currentTree +-- path-to-regexp@0.1.7
48 silly currentTree +-- path@0.11.14
48 silly currentTree +-- performance-now@0.2.0
48 silly currentTree +-- permutron@1.3.1
48 silly currentTree +-- pify@2.3.0
48 silly currentTree +-- pinkie-promise@2.0.1
48 silly currentTree +-- pinkie@2.0.4
48 silly currentTree +-- prelude-ls@1.1.2
48 silly currentTree +-- preserve@0.2.0
48 silly currentTree +-- process-nextick-args@2.0.0
48 silly currentTree +-- promise@7.3.1
48 silly currentTree +-- proxy-addr@2.0.3
48 silly currentTree +-- prr@1.0.1
48 silly currentTree +-- punycode@1.4.1
48 silly currentTree +-- qs@6.4.0
48 silly currentTree +-- random-bytes@1.0.0
48 silly currentTree +-- randomatic@3.0.0
48 silly currentTree | +-- is-number@4.0.0
48 silly currentTree | `-- kind-of@6.0.2
48 silly currentTree +-- range-parser@1.2.0
48 silly currentTree +-- raw-body@2.3.2
48 silly currentTree | +-- depd@1.1.1
48 silly currentTree | +-- http-errors@1.6.2
48 silly currentTree | `-- setprototypeof@1.0.3
48 silly currentTree +-- readable-stream@2.3.6
48 silly currentTree +-- readdirp@2.1.0
48 silly currentTree +-- readline2@1.0.1
48 silly currentTree +-- reduce-component@1.0.1
48 silly currentTree +-- regex-cache@0.4.4
48 silly currentTree +-- regexp-clone@1.0.0
48 silly currentTree +-- remove-trailing-separator@1.1.0
48 silly currentTree +-- repeat-element@1.1.2
48 silly currentTree +-- repeat-string@1.6.1
48 silly currentTree +-- request@2.81.0
48 silly currentTree +-- require_optional@1.0.1
48 silly currentTree +-- requirejs@2.3.5
48 silly currentTree +-- resolve-from@2.0.0
48 silly currentTree +-- resolve@1.8.0
48 silly currentTree +-- restore-cursor@1.0.1
48 silly currentTree +-- resumer@0.0.0
48 silly currentTree +-- right-align@0.1.3
48 silly currentTree +-- rimraf@2.6.2
48 silly currentTree +-- run-async@0.1.0
48 silly currentTree +-- rx-lite@3.1.2
48 silly currentTree +-- safe-buffer@5.1.2
48 silly currentTree +-- safer-buffer@2.1.2
48 silly currentTree +-- saslprep@1.0.3
48 silly currentTree +-- semver@5.5.0
48 silly currentTree +-- send@0.16.2
48 silly currentTree | `-- mime@1.4.1
48 silly currentTree +-- serve-favicon@2.5.0
48 silly currentTree | +-- ms@2.1.1
48 silly currentTree | `-- safe-buffer@5.1.1
48 silly currentTree +-- serve-static@1.13.2
48 silly currentTree +-- set-immediate-shim@1.0.1
48 silly currentTree +-- setprototypeof@1.1.0
48 silly currentTree +-- shelljs@0.5.3
48 silly currentTree +-- shortstop-handlers@0.1.0
48 silly currentTree +-- shortstop-resolve@1.0.1
48 silly currentTree +-- shortstop@0.0.1
48 silly currentTree +-- shush@1.0.0
48 silly currentTree | `-- strip-json-comments@0.1.3
48 silly currentTree +-- sift@7.0.1
48 silly currentTree +-- sigmund@1.0.1
48 silly currentTree +-- sliced@1.0.1
48 silly currentTree +-- sntp@1.0.9
48 silly currentTree +-- source-map@0.5.7
48 silly currentTree +-- sparse-bitfield@3.0.3
48 silly currentTree +-- sprintf-js@1.0.3
48 silly currentTree +-- spud@2.0.1
48 silly currentTree +-- spundle@1.0.4
48 silly currentTree | +-- async@0.9.2
48 silly currentTree | `-- nopt@3.0.6
48 silly currentTree +-- sshpk@1.14.2
48 silly currentTree | `-- assert-plus@1.0.0
48 silly currentTree +-- statuses@1.4.0
48 silly currentTree +-- string_decoder@1.1.1
48 silly currentTree +-- string-width@1.0.2
48 silly currentTree +-- string.fromcodepoint@0.2.1
48 silly currentTree +-- stringstream@0.0.6
48 silly currentTree +-- strip-ansi@3.0.1
48 silly currentTree +-- strip-json-comments@1.0.4
48 silly currentTree +-- superagent@0.17.0
48 silly currentTree | +-- debug@0.7.4
48 silly currentTree | +-- extend@1.2.1
48 silly currentTree | +-- formidable@1.0.14
48 silly currentTree | +-- methods@0.0.1
48 silly currentTree | +-- mime@1.2.5
48 silly currentTree | `-- qs@0.6.5
48 silly currentTree +-- supertest@0.9.2
48 silly currentTree | `-- methods@0.1.0
48 silly currentTree +-- supports-color@2.0.0
48 silly currentTree +-- tape@2.3.3
48 silly currentTree +-- text-table@0.2.0
48 silly currentTree +-- through@2.3.8
48 silly currentTree +-- tough-cookie@2.3.4
48 silly currentTree +-- tsscmp@1.0.5
48 silly currentTree +-- tunnel-agent@0.6.0
48 silly currentTree +-- tweetnacl@0.14.5
48 silly currentTree +-- type-check@0.3.2
48 silly currentTree +-- type-is@1.6.16
48 silly currentTree +-- typedarray@0.0.6
48 silly currentTree +-- uglify-js@2.8.29
48 silly currentTree +-- uglify-to-browserify@1.0.2
48 silly currentTree +-- uid-safe@2.1.5
48 silly currentTree +-- underscore.string@2.2.1
48 silly currentTree +-- underscore@1.7.0
48 silly currentTree +-- unpipe@1.0.0
48 silly currentTree +-- user-home@2.0.0
48 silly currentTree +-- util-deprecate@1.0.2
48 silly currentTree +-- utils-merge@1.0.1
48 silly currentTree +-- uuid@3.2.1
48 silly currentTree +-- vary@1.1.2
48 silly currentTree +-- verror@1.10.0
48 silly currentTree | `-- assert-plus@1.0.0
48 silly currentTree +-- which@1.0.9
48 silly currentTree +-- window-size@0.1.0
48 silly currentTree +-- wordwrap@0.0.3
48 silly currentTree +-- wrappy@1.0.2
48 silly currentTree +-- write@0.2.1
48 silly currentTree +-- xml-escape@1.0.0
48 silly currentTree +-- xtend@4.0.1
48 silly currentTree `-- yargs@3.10.0
49 silly idealTree textbooks@0.1.0
49 silly idealTree +-- abbrev@1.1.1
49 silly idealTree +-- accepts@1.3.5
49 silly idealTree +-- adaro@1.0.4
49 silly idealTree +-- ajv@4.11.8
49 silly idealTree +-- align-text@0.1.4
49 silly idealTree +-- amdefine@1.0.1
49 silly idealTree +-- ansi-escapes@1.4.0
49 silly idealTree +-- ansi-regex@2.1.1
49 silly idealTree +-- ansi-styles@2.2.1
49 silly idealTree +-- anymatch@1.3.2
49 silly idealTree +-- aproba@1.2.0
49 silly idealTree +-- argparse@1.0.10
49 silly idealTree +-- arr-diff@2.0.0
49 silly idealTree +-- arr-flatten@1.1.0
49 silly idealTree +-- array-flatten@1.1.1
49 silly idealTree +-- array-union@1.0.2
49 silly idealTree +-- array-uniq@1.0.3
49 silly idealTree +-- array-unique@0.2.1
49 silly idealTree +-- arrify@1.0.1
49 silly idealTree +-- asap@2.0.6
49 silly idealTree +-- asn1@0.2.3
49 silly idealTree +-- assert-plus@0.2.0
49 silly idealTree +-- async-each@1.0.1
49 silly idealTree +-- async@1.5.2
49 silly idealTree +-- asynckit@0.4.0
49 silly idealTree +-- aws-sign2@0.6.0
49 silly idealTree +-- aws4@1.7.0
49 silly idealTree +-- babel-runtime@4.7.3
49 silly idealTree +-- balanced-match@1.0.0
49 silly idealTree +-- basic-auth@2.0.0
49 silly idealTree | `-- safe-buffer@5.1.1
49 silly idealTree +-- bcp47-stringify@1.0.0
49 silly idealTree +-- bcp47@1.1.2
49 silly idealTree +-- bcrypt-pbkdf@1.0.1
49 silly idealTree +-- binary-extensions@1.11.0
49 silly idealTree +-- bl@0.9.5
49 silly idealTree | +-- isarray@0.0.1
49 silly idealTree | +-- readable-stream@1.0.34
49 silly idealTree | `-- string_decoder@0.10.31
49 silly idealTree +-- bluebird@3.5.1
49 silly idealTree +-- body-parser@1.18.2
49 silly idealTree | `-- qs@6.5.1
49 silly idealTree +-- boom@2.10.1
49 silly idealTree +-- brace-expansion@1.1.11
49 silly idealTree +-- braces@1.8.5
49 silly idealTree +-- bson@1.0.9
49 silly idealTree +-- buffer-from@1.1.0
49 silly idealTree +-- bundalo@0.2.10
49 silly idealTree +-- bytes@3.0.0
49 silly idealTree +-- caller@0.0.1
49 silly idealTree +-- camelcase@1.2.1
49 silly idealTree +-- caseless@0.12.0
49 silly idealTree +-- center-align@0.1.3
49 silly idealTree +-- chalk@1.1.3
49 silly idealTree +-- chokidar@1.5.2
49 silly idealTree +-- circular-json@0.3.3
49 silly idealTree +-- cli-cursor@1.0.2
49 silly idealTree +-- cli-width@1.1.1
49 silly idealTree +-- cli@1.0.1
49 silly idealTree +-- cliui@2.1.0
49 silly idealTree | `-- wordwrap@0.0.2
49 silly idealTree +-- co@4.6.0
49 silly idealTree +-- code-point-at@1.1.0
49 silly idealTree +-- coffee-script@1.3.3
49 silly idealTree +-- colors@0.6.2
49 silly idealTree +-- combined-stream@1.0.6
49 silly idealTree +-- commander@2.3.0
49 silly idealTree +-- compressible@2.0.14
49 silly idealTree | `-- mime-db@1.34.0
49 silly idealTree +-- compression@1.7.2
49 silly idealTree | `-- safe-buffer@5.1.1
49 silly idealTree +-- concat-map@0.0.1
49 silly idealTree +-- concat-stream@1.6.2
49 silly idealTree +-- confit@2.3.0
49 silly idealTree | +-- async@0.9.2
49 silly idealTree | +-- caller@1.0.1
49 silly idealTree | +-- minimist@1.2.0
49 silly idealTree | +-- shortstop-handlers@1.0.1
49 silly idealTree | `-- shortstop@1.0.3
49 silly idealTree |   `-- async@0.2.10
49 silly idealTree +-- connect-flash@0.1.1
49 silly idealTree +-- construx-copier@1.0.0
49 silly idealTree +-- construx-dustjs@1.1.0
49 silly idealTree +-- construx-less@1.0.0
49 silly idealTree +-- construx@1.0.1
49 silly idealTree | `-- async@0.2.10
49 silly idealTree +-- content-disposition@0.5.2
49 silly idealTree +-- content-type@1.0.4
49 silly idealTree +-- cookie-parser@1.4.3
49 silly idealTree +-- cookie-signature@1.0.6
49 silly idealTree +-- cookie@0.3.1
49 silly idealTree +-- cookiejar@1.3.0
49 silly idealTree +-- core-util-is@1.0.2
49 silly idealTree +-- crc@3.4.4
49 silly idealTree +-- cryptiles@2.0.5
49 silly idealTree +-- d@1.0.0
49 silly idealTree +-- dashdash@1.14.1
49 silly idealTree | `-- assert-plus@1.0.0
49 silly idealTree +-- dateformat@1.0.2-1.2.3
49 silly idealTree +-- debug@2.6.9
49 silly idealTree +-- debuglog@1.0.1
49 silly idealTree +-- decamelize@1.2.0
49 silly idealTree +-- deep-equal@0.1.2
49 silly idealTree +-- deep-is@0.1.3
49 silly idealTree +-- defined@0.0.0
49 silly idealTree +-- del@2.2.2
49 silly idealTree +-- delayed-stream@1.0.0
49 silly idealTree +-- depd@1.1.2
49 silly idealTree +-- destroy@1.0.4
49 silly idealTree +-- diff@1.4.0
49 silly idealTree +-- doctrine@0.7.2
49 silly idealTree | +-- esutils@1.1.6
49 silly idealTree | `-- isarray@0.0.1
49 silly idealTree +-- dust-makara-helpers@4.2.0
49 silly idealTree +-- dust-message-helper@4.2.1
49 silly idealTree +-- dust-usecontent-helper@4.0.1
49 silly idealTree +-- dustjs-helpers@1.7.4
49 silly idealTree +-- dustjs-linkedin@2.7.5
49 silly idealTree +-- ecc-jsbn@0.1.1
49 silly idealTree +-- ee-first@1.1.1
49 silly idealTree +-- emitter-component@1.0.0
49 silly idealTree +-- encodeurl@1.0.2
49 silly idealTree +-- endgame@1.0.0
49 silly idealTree +-- engine-munger@1.1.2
49 silly idealTree | +-- express@4.16.3
49 silly idealTree | +-- qs@6.5.1
49 silly idealTree | `-- safe-buffer@5.1.1
49 silly idealTree +-- errno@0.1.7
49 silly idealTree +-- es5-ext@0.10.45
49 silly idealTree +-- es6-iterator@2.0.3
49 silly idealTree +-- es6-map@0.1.5
49 silly idealTree +-- es6-set@0.1.5
49 silly idealTree +-- es6-symbol@3.1.1
49 silly idealTree +-- es6-weak-map@2.0.2
49 silly idealTree +-- escape-html@1.0.3
49 silly idealTree +-- escape-string-regexp@1.0.5
49 silly idealTree +-- escope@3.6.0
49 silly idealTree +-- eslint@1.10.3
49 silly idealTree | `-- glob@5.0.15
49 silly idealTree +-- espree@2.2.5
49 silly idealTree +-- esrecurse@4.2.1
49 silly idealTree +-- estraverse-fb@1.3.2
49 silly idealTree +-- estraverse@4.2.0
49 silly idealTree +-- esutils@2.0.2
49 silly idealTree +-- etag@1.8.1
49 silly idealTree +-- event-emitter@0.3.5
49 silly idealTree +-- eventemitter2@0.4.14
49 silly idealTree +-- exit-hook@1.1.1
49 silly idealTree +-- exit@0.1.2
49 silly idealTree +-- expand-brackets@0.1.5
49 silly idealTree +-- expand-range@1.8.2
49 silly idealTree +-- express-enrouten@1.3.0
49 silly idealTree | +-- caller@1.0.1
49 silly idealTree | +-- isarray@0.0.1
49 silly idealTree | `-- path-to-regexp@1.7.0
49 silly idealTree +-- express-messages@1.0.1
49 silly idealTree +-- express-session@1.15.6
49 silly idealTree +-- express@4.16.3
49 silly idealTree | +-- qs@6.5.1
49 silly idealTree | `-- safe-buffer@5.1.1
49 silly idealTree +-- extend@3.0.1
49 silly idealTree +-- extglob@0.3.2
49 silly idealTree +-- extsprintf@1.3.0
49 silly idealTree +-- fast-levenshtein@1.0.7
49 silly idealTree +-- figures@1.7.0
49 silly idealTree +-- file-entry-cache@1.3.1
49 silly idealTree +-- file-resolver@1.0.2
49 silly idealTree | `-- graceful-fs@2.0.3
49 silly idealTree +-- filename-regex@2.0.1
49 silly idealTree +-- fill-range@2.2.4
49 silly idealTree +-- finalhandler@1.1.1
49 silly idealTree +-- findup-sync@0.1.3
49 silly idealTree | +-- glob@3.2.11
49 silly idealTree | +-- lodash@2.4.2
49 silly idealTree | `-- minimatch@0.3.0
49 silly idealTree |   +-- lru-cache@2.7.3
49 silly idealTree |   `-- sigmund@1.0.1
49 silly idealTree +-- flat-cache@1.3.0
49 silly idealTree +-- for-in@1.0.2
49 silly idealTree +-- for-own@0.1.5
49 silly idealTree +-- forever-agent@0.6.1
49 silly idealTree +-- form-data@2.1.4
49 silly idealTree +-- formidable@1.2.1
49 silly idealTree +-- forwarded@0.1.2
49 silly idealTree +-- fresh@0.5.2
49 silly idealTree +-- freshy@1.0.4
49 silly idealTree +-- fs-walk@0.0.1
49 silly idealTree +-- fs.realpath@1.0.0
49 silly idealTree +-- generate-function@2.0.0
49 silly idealTree +-- generate-object-property@1.2.0
49 silly idealTree +-- getobject@0.1.0
49 silly idealTree +-- getpass@0.1.7
49 silly idealTree | `-- assert-plus@1.0.0
49 silly idealTree +-- glob-base@0.3.0
49 silly idealTree +-- glob-parent@2.0.0
49 silly idealTree +-- glob@7.1.2
49 silly idealTree +-- globals@8.18.0
49 silly idealTree +-- globby@5.0.0
49 silly idealTree +-- graceful-fs@4.1.11
49 silly idealTree +-- growl@1.8.1
49 silly idealTree +-- grunt-cli@0.1.13
49 silly idealTree | `-- resolve@0.3.1
49 silly idealTree +-- grunt-config-dir@0.3.2
49 silly idealTree +-- grunt-contrib-clean@0.6.0
49 silly idealTree | `-- rimraf@2.2.8
49 silly idealTree +-- grunt-contrib-less@1.4.1
49 silly idealTree | +-- async@2.6.1
49 silly idealTree | `-- lodash@4.17.10
49 silly idealTree +-- grunt-contrib-requirejs@0.4.4
49 silly idealTree | `-- requirejs@2.1.22
49 silly idealTree +-- grunt-copy-to@0.0.10
49 silly idealTree +-- grunt-dustjs@1.4.0
49 silly idealTree +-- grunt-eslint@17.3.2
49 silly idealTree +-- grunt-legacy-log-utils@0.1.1
49 silly idealTree | +-- lodash@2.4.2
49 silly idealTree | `-- underscore.string@2.3.3
49 silly idealTree +-- grunt-legacy-log@0.1.3
49 silly idealTree | +-- lodash@2.4.2
49 silly idealTree | `-- underscore.string@2.3.3
49 silly idealTree +-- grunt-legacy-util@0.2.0
49 silly idealTree | +-- async@0.1.22
49 silly idealTree | `-- lodash@0.9.2
49 silly idealTree +-- grunt-makara-amdify@1.0.1
49 silly idealTree +-- grunt-mocha-cli@1.14.0
49 silly idealTree | +-- debug@2.0.0
49 silly idealTree | +-- escape-string-regexp@1.0.2
49 silly idealTree | +-- glob@3.2.3
49 silly idealTree | +-- graceful-fs@2.0.3
49 silly idealTree | +-- minimatch@0.2.14
49 silly idealTree | +-- mkdirp@0.5.0
49 silly idealTree | +-- mocha@2.2.5
49 silly idealTree | +-- ms@0.6.2
49 silly idealTree | `-- supports-color@1.2.1
49 silly idealTree +-- grunt@0.4.5
49 silly idealTree | +-- argparse@0.1.16
49 silly idealTree | | `-- underscore.string@2.4.0
49 silly idealTree | +-- async@0.1.22
49 silly idealTree | +-- esprima@1.0.4
49 silly idealTree | +-- glob@3.1.21
49 silly idealTree | +-- graceful-fs@1.2.3
49 silly idealTree | +-- iconv-lite@0.2.11
49 silly idealTree | +-- inherits@1.0.2
49 silly idealTree | +-- js-yaml@2.0.5
49 silly idealTree | +-- lodash@0.9.2
49 silly idealTree | +-- lru-cache@2.7.3
49 silly idealTree | +-- minimatch@0.2.14
49 silly idealTree | +-- rimraf@2.2.8
49 silly idealTree | `-- sigmund@1.0.1
49 silly idealTree +-- handlebars@4.0.11
49 silly idealTree | `-- source-map@0.4.4
49 silly idealTree +-- har-schema@1.0.5
49 silly idealTree +-- har-validator@4.2.1
49 silly idealTree +-- has-ansi@2.0.0
49 silly idealTree +-- hawk@3.1.3
49 silly idealTree +-- hoek@2.16.3
49 silly idealTree +-- hooker@0.2.3
49 silly idealTree +-- http-errors@1.6.3
49 silly idealTree +-- http-signature@1.1.1
49 silly idealTree +-- iconv-lite@0.4.19
49 silly idealTree +-- iferr@0.1.5
49 silly idealTree +-- image-size@0.5.5
49 silly idealTree +-- inflight@1.0.6
49 silly idealTree +-- inherits@2.0.3
49 silly idealTree +-- inquirer@0.11.4
49 silly idealTree +-- ipaddr.js@1.6.0
49 silly idealTree +-- is-binary-path@1.0.1
49 silly idealTree +-- is-buffer@1.1.6
49 silly idealTree +-- is-dotfile@1.0.3
49 silly idealTree +-- is-equal-shallow@0.1.3
49 silly idealTree +-- is-extendable@0.1.1
49 silly idealTree +-- is-extglob@1.0.0
49 silly idealTree +-- is-fullwidth-code-point@1.0.0
49 silly idealTree +-- is-glob@2.0.1
49 silly idealTree +-- is-my-ip-valid@1.0.0
49 silly idealTree +-- is-my-json-valid@2.17.2
49 silly idealTree +-- is-number@2.1.0
49 silly idealTree +-- is-path-cwd@1.0.0
49 silly idealTree +-- is-path-in-cwd@1.0.1
49 silly idealTree +-- is-path-inside@1.0.1
49 silly idealTree +-- is-posix-bracket@0.1.1
49 silly idealTree +-- is-primitive@2.0.0
49 silly idealTree +-- is-property@1.0.2
49 silly idealTree +-- is-resolvable@1.1.0
49 silly idealTree +-- is-typedarray@1.0.0
49 silly idealTree +-- isarray@1.0.0
49 silly idealTree +-- isobject@2.1.0
49 silly idealTree +-- isstream@0.1.2
49 silly idealTree +-- jade@0.26.3
49 silly idealTree | +-- commander@0.6.1
49 silly idealTree | `-- mkdirp@0.3.0
49 silly idealTree +-- js-yaml@3.4.5
49 silly idealTree | `-- esprima@2.7.3
49 silly idealTree +-- jsbn@0.1.1
49 silly idealTree +-- json-schema@0.2.3
49 silly idealTree +-- json-stable-stringify@1.0.1
49 silly idealTree +-- json-stringify-safe@5.0.1
49 silly idealTree +-- jsonify@0.0.0
49 silly idealTree +-- jsonpointer@4.0.1
49 silly idealTree +-- jsprim@1.4.1
49 silly idealTree | `-- assert-plus@1.0.0
49 silly idealTree +-- kareem@2.3.0
49 silly idealTree +-- karka@0.0.2
49 silly idealTree +-- kind-of@3.2.2
49 silly idealTree +-- kraken-js@2.2.0
49 silly idealTree | +-- async@0.2.10
49 silly idealTree | +-- caller@1.0.1
49 silly idealTree | +-- shortstop-handlers@1.0.1
49 silly idealTree | `-- shortstop@1.0.3
49 silly idealTree +-- lazy-cache@1.0.4
49 silly idealTree +-- less@2.7.3
49 silly idealTree +-- levn@0.2.5
49 silly idealTree +-- lodash._arraycopy@3.0.0
49 silly idealTree +-- lodash._arrayeach@3.0.0
49 silly idealTree +-- lodash._arraymap@3.0.0
49 silly idealTree +-- lodash._baseassign@3.2.0
49 silly idealTree +-- lodash._baseclone@3.3.0
49 silly idealTree +-- lodash._basecopy@3.0.1
49 silly idealTree +-- lodash._basedifference@3.0.3
49 silly idealTree +-- lodash._baseflatten@3.1.4
49 silly idealTree +-- lodash._basefor@3.0.3
49 silly idealTree +-- lodash._baseindexof@3.1.0
49 silly idealTree +-- lodash._bindcallback@3.0.1
49 silly idealTree +-- lodash._cacheindexof@3.0.2
49 silly idealTree +-- lodash._createassigner@3.1.1
49 silly idealTree +-- lodash._createcache@3.1.2
49 silly idealTree +-- lodash._getnative@3.9.1
49 silly idealTree +-- lodash._isiterateecall@3.0.9
49 silly idealTree +-- lodash._pickbyarray@3.0.2
49 silly idealTree +-- lodash._pickbycallback@3.0.0
49 silly idealTree +-- lodash.clonedeep@3.0.2
49 silly idealTree +-- lodash.isarguments@3.1.0
49 silly idealTree +-- lodash.isarray@3.0.4
49 silly idealTree +-- lodash.isplainobject@3.2.0
49 silly idealTree +-- lodash.istypedarray@3.0.6
49 silly idealTree +-- lodash.keys@3.1.2
49 silly idealTree +-- lodash.keysin@3.0.8
49 silly idealTree +-- lodash.merge@3.3.2
49 silly idealTree +-- lodash.omit@3.1.0
49 silly idealTree +-- lodash.restparam@3.6.1
49 silly idealTree +-- lodash.toplainobject@3.0.0
49 silly idealTree +-- lodash@3.10.1
49 silly idealTree +-- longest@1.0.1
49 silly idealTree +-- lru-cache@2.7.3
49 silly idealTree +-- lusca@1.6.0
49 silly idealTree +-- makara-amdify@1.1.9
49 silly idealTree +-- makara-builder@2.0.0
49 silly idealTree | `-- glob@5.0.15
49 silly idealTree +-- makara-languagepackpath@1.1.1
49 silly idealTree +-- makara@2.0.3
49 silly idealTree | +-- d@0.1.1
49 silly idealTree | +-- es6-iterator@0.1.3
49 silly idealTree | +-- es6-symbol@2.0.1
49 silly idealTree | `-- es6-weak-map@1.0.2
49 silly idealTree +-- math-random@1.0.1
49 silly idealTree +-- meddleware@3.0.3
49 silly idealTree | `-- debuglog@0.0.4
49 silly idealTree +-- media-typer@0.3.0
49 silly idealTree +-- memory-pager@1.5.0
49 silly idealTree +-- merge-descriptors@1.0.1
49 silly idealTree +-- methods@1.1.2
49 silly idealTree +-- micromatch@2.3.11
49 silly idealTree +-- mime-db@1.33.0
49 silly idealTree +-- mime-types@2.1.18
49 silly idealTree +-- mime@1.6.0
49 silly idealTree +-- minimatch@3.0.4
49 silly idealTree +-- minimist@0.0.8
49 silly idealTree +-- mkdirp@0.5.1
49 silly idealTree +-- mocha@1.21.5
49 silly idealTree | +-- debug@2.0.0
49 silly idealTree | +-- diff@1.0.8
49 silly idealTree | +-- escape-string-regexp@1.0.2
49 silly idealTree | +-- glob@3.2.3
49 silly idealTree | +-- graceful-fs@2.0.3
49 silly idealTree | +-- minimatch@0.2.14
49 silly idealTree | +-- mkdirp@0.5.0
49 silly idealTree | `-- ms@0.6.2
49 silly idealTree +-- mongodb-core@3.0.9
49 silly idealTree +-- mongodb@3.0.10
49 silly idealTree +-- mongoose-legacy-pluralize@1.0.2
49 silly idealTree +-- mongoose@5.6.10
49 silly idealTree | +-- async@2.6.2
49 silly idealTree | +-- bson@1.1.1
49 silly idealTree | +-- lodash@4.17.15
49 silly idealTree | +-- mongodb-core@3.2.7
49 silly idealTree | +-- mongodb@3.2.7
49 silly idealTree | `-- ms@2.1.2
49 silly idealTree +-- morgan@1.9.0
49 silly idealTree +-- mpath@0.6.0
49 silly idealTree +-- mquery@3.2.1
49 silly idealTree | `-- debug@3.1.0
49 silly idealTree +-- ms@2.0.0
49 silly idealTree +-- mute-stream@0.0.5
49 silly idealTree +-- n-deep-merge@0.0.1
49 silly idealTree +-- negotiator@0.6.1
49 silly idealTree +-- next-tick@1.0.0
49 silly idealTree +-- nopt@1.0.10
49 silly idealTree +-- normalize-path@2.1.1
49 silly idealTree +-- number-is-nan@1.0.1
49 silly idealTree +-- oauth-sign@0.8.2
49 silly idealTree +-- object-assign@4.1.1
49 silly idealTree +-- object.omit@2.0.1
49 silly idealTree +-- on-finished@2.3.0
49 silly idealTree +-- on-headers@1.0.1
49 silly idealTree +-- once@1.4.0
49 silly idealTree +-- onetime@1.1.0
49 silly idealTree +-- optimist@0.6.1
49 silly idealTree +-- optionator@0.6.0
49 silly idealTree +-- os-homedir@1.0.2
49 silly idealTree +-- parse-glob@3.0.4
49 silly idealTree +-- parseurl@1.3.2
49 silly idealTree +-- path-is-absolute@1.0.1
49 silly idealTree +-- path-is-inside@1.0.2
49 silly idealTree +-- path-parse@1.0.5
49 silly idealTree +-- path-to-regexp@0.1.7
49 silly idealTree +-- path@0.11.14
49 silly idealTree +-- performance-now@0.2.0
49 silly idealTree +-- permutron@1.3.1
49 silly idealTree +-- pify@2.3.0
49 silly idealTree +-- pinkie-promise@2.0.1
49 silly idealTree +-- pinkie@2.0.4
49 silly idealTree +-- prelude-ls@1.1.2
49 silly idealTree +-- preserve@0.2.0
49 silly idealTree +-- process-nextick-args@2.0.0
49 silly idealTree +-- promise@7.3.1
49 silly idealTree +-- proxy-addr@2.0.3
49 silly idealTree +-- prr@1.0.1
49 silly idealTree +-- punycode@1.4.1
49 silly idealTree +-- qs@6.4.0
49 silly idealTree +-- random-bytes@1.0.0
49 silly idealTree +-- randomatic@3.0.0
49 silly idealTree | +-- is-number@4.0.0
49 silly idealTree | `-- kind-of@6.0.2
49 silly idealTree +-- range-parser@1.2.0
49 silly idealTree +-- raw-body@2.3.2
49 silly idealTree | +-- depd@1.1.1
49 silly idealTree | +-- http-errors@1.6.2
49 silly idealTree | `-- setprototypeof@1.0.3
49 silly idealTree +-- readable-stream@2.3.6
49 silly idealTree +-- readdirp@2.1.0
49 silly idealTree +-- readline2@1.0.1
49 silly idealTree +-- reduce-component@1.0.1
49 silly idealTree +-- regex-cache@0.4.4
49 silly idealTree +-- regexp-clone@1.0.0
49 silly idealTree +-- remove-trailing-separator@1.1.0
49 silly idealTree +-- repeat-element@1.1.2
49 silly idealTree +-- repeat-string@1.6.1
49 silly idealTree +-- request@2.81.0
49 silly idealTree +-- require_optional@1.0.1
49 silly idealTree +-- requirejs@2.3.5
49 silly idealTree +-- resolve-from@2.0.0
49 silly idealTree +-- resolve@1.8.0
49 silly idealTree +-- restore-cursor@1.0.1
49 silly idealTree +-- resumer@0.0.0
49 silly idealTree +-- right-align@0.1.3
49 silly idealTree +-- rimraf@2.6.2
49 silly idealTree +-- run-async@0.1.0
49 silly idealTree +-- rx-lite@3.1.2
49 silly idealTree +-- safe-buffer@5.1.2
49 silly idealTree +-- safer-buffer@2.1.2
49 silly idealTree +-- saslprep@1.0.3
49 silly idealTree +-- semver@5.5.0
49 silly idealTree +-- send@0.16.2
49 silly idealTree | `-- mime@1.4.1
49 silly idealTree +-- serve-favicon@2.5.0
49 silly idealTree | +-- ms@2.1.1
49 silly idealTree | `-- safe-buffer@5.1.1
49 silly idealTree +-- serve-static@1.13.2
49 silly idealTree +-- set-immediate-shim@1.0.1
49 silly idealTree +-- setprototypeof@1.1.0
49 silly idealTree +-- shelljs@0.5.3
49 silly idealTree +-- shortstop-handlers@0.1.0
49 silly idealTree +-- shortstop-resolve@1.0.1
49 silly idealTree +-- shortstop@0.0.1
49 silly idealTree +-- shush@1.0.0
49 silly idealTree | `-- strip-json-comments@0.1.3
49 silly idealTree +-- sift@7.0.1
49 silly idealTree +-- sigmund@1.0.1
49 silly idealTree +-- sliced@1.0.1
49 silly idealTree +-- sntp@1.0.9
49 silly idealTree +-- source-map@0.5.7
49 silly idealTree +-- sparse-bitfield@3.0.3
49 silly idealTree +-- sprintf-js@1.0.3
49 silly idealTree +-- spud@2.0.1
49 silly idealTree +-- spundle@1.0.4
49 silly idealTree | +-- async@0.9.2
49 silly idealTree | `-- nopt@3.0.6
49 silly idealTree +-- sshpk@1.14.2
49 silly idealTree | `-- assert-plus@1.0.0
49 silly idealTree +-- statuses@1.4.0
49 silly idealTree +-- string_decoder@1.1.1
49 silly idealTree +-- string-width@1.0.2
49 silly idealTree +-- string.fromcodepoint@0.2.1
49 silly idealTree +-- stringstream@0.0.6
49 silly idealTree +-- strip-ansi@3.0.1
49 silly idealTree +-- strip-json-comments@1.0.4
49 silly idealTree +-- superagent@0.17.0
49 silly idealTree | +-- debug@0.7.4
49 silly idealTree | +-- extend@1.2.1
49 silly idealTree | +-- formidable@1.0.14
49 silly idealTree | +-- methods@0.0.1
49 silly idealTree | +-- mime@1.2.5
49 silly idealTree | `-- qs@0.6.5
49 silly idealTree +-- supertest@0.9.2
49 silly idealTree | `-- methods@0.1.0
49 silly idealTree +-- supports-color@2.0.0
49 silly idealTree +-- tape@2.3.3
49 silly idealTree +-- text-table@0.2.0
49 silly idealTree +-- through@2.3.8
49 silly idealTree +-- tough-cookie@2.3.4
49 silly idealTree +-- tsscmp@1.0.5
49 silly idealTree +-- tunnel-agent@0.6.0
49 silly idealTree +-- tweetnacl@0.14.5
49 silly idealTree +-- type-check@0.3.2
49 silly idealTree +-- type-is@1.6.16
49 silly idealTree +-- typedarray@0.0.6
49 silly idealTree +-- uglify-js@2.8.29
49 silly idealTree +-- uglify-to-browserify@1.0.2
49 silly idealTree +-- uid-safe@2.1.5
49 silly idealTree +-- underscore.string@2.2.1
49 silly idealTree +-- underscore@1.7.0
49 silly idealTree +-- unpipe@1.0.0
49 silly idealTree +-- user-home@2.0.0
49 silly idealTree +-- util-deprecate@1.0.2
49 silly idealTree +-- utils-merge@1.0.1
49 silly idealTree +-- uuid@3.2.1
49 silly idealTree +-- vary@1.1.2
49 silly idealTree +-- verror@1.10.0
49 silly idealTree | `-- assert-plus@1.0.0
49 silly idealTree +-- which@1.0.9
49 silly idealTree +-- window-size@0.1.0
49 silly idealTree +-- wordwrap@0.0.3
49 silly idealTree +-- wrappy@1.0.2
49 silly idealTree +-- write@0.2.1
49 silly idealTree +-- xml-escape@1.0.0
49 silly idealTree +-- xtend@4.0.1
49 silly idealTree `-- yargs@3.10.0
50 silly generateActionsToTake Starting
51 silly install generateActionsToTake
52 warn checkPermissions Missing write access to /home/zahidquershi/Desktop/node projects/TextBooks/node_modules/mongoose
53 silly rollbackFailedOptional Starting
54 silly rollbackFailedOptional Finishing
55 silly runTopLevelLifecycles Starting
56 silly runTopLevelLifecycles Finishing
57 silly install printInstalled
58 warn optional Skipping failed optional dependency /chokidar/fsevents:
59 warn notsup Not compatible with your operating system or architecture: fsevents@1.2.9
60 warn textbooks@0.1.0 No repository field.
61 warn textbooks@0.1.0 No license field.
62 verbose stack Error: EACCES: permission denied, access '/home/zahidquershi/Desktop/node projects/TextBooks/node_modules/mongoose'
63 verbose cwd /home/zahidquershi/Desktop/node projects/TextBooks
64 error Linux 4.15.0-29-generic
65 error argv "/usr/bin/node" "/usr/bin/npm" "i"
66 error node v8.10.0
67 error npm  v3.5.2
68 error path /home/zahidquershi/Desktop/node projects/TextBooks/node_modules/mongoose
69 error code EACCES
70 error errno -13
71 error syscall access
72 error Error: EACCES: permission denied, access '/home/zahidquershi/Desktop/node projects/TextBooks/node_modules/mongoose'
72 error  { Error: EACCES: permission denied, access '/home/zahidquershi/Desktop/node projects/TextBooks/node_modules/mongoose'
72 error   errno: -13,
72 error   code: 'EACCES',
72 error   syscall: 'access',
72 error   path: '/home/zahidquershi/Desktop/node projects/TextBooks/node_modules/mongoose' }
73 error Please try running this command again as root/Administrator.
74 verbose exit [ -13, true ]
